f:\5g\5gnr\nrsimulator\nrsimulator\5gnr_modem_sdr\wirelessmodem.github.io\nrsystem_gui\x64\debug\nrsystem_gui.pch
f:\5g\5gnr\nrsimulator\nrsimulator\5gnr_modem_sdr\wirelessmodem.github.io\nrsystem_gui\x64\debug\vc140.pdb
f:\5g\5gnr\nrsimulator\nrsimulator\5gnr_modem_sdr\wirelessmodem.github.io\nrsystem_gui\x64\debug\vc140.idb
f:\5g\5gnr\nrsimulator\nrsimulator\5gnr_modem_sdr\wirelessmodem.github.io\nrsystem_gui\x64\debug\stdafx.obj
f:\5g\5gnr\nrsimulator\nrsimulator\5gnr_modem_sdr\wirelessmodem.github.io\nrsystem_gui\x64\debug\bwpcarriercfgdlg.obj
f:\5g\5gnr\nrsimulator\nrsimulator\5gnr_modem_sdr\wirelessmodem.github.io\nrsystem_gui\x64\debug\coresetsscfgdlg.obj
f:\5g\5gnr\nrsimulator\nrsimulator\5gnr_modem_sdr\wirelessmodem.github.io\nrsystem_gui\x64\debug\nrsystem_gui.obj
f:\5g\5gnr\nrsimulator\nrsimulator\5gnr_modem_sdr\wirelessmodem.github.io\nrsystem_gui\x64\debug\nrsystem_guidlg.obj
f:\5g\5gnr\nrsimulator\nrsimulator\5gnr_modem_sdr\wirelessmodem.github.io\nrsystem_gui\x64\debug\ssbcfgdlg.obj
f:\5g\5gnr\nrsimulator\nrsimulator\5gnr_modem_sdr\wirelessmodem.github.io\nrsystem_gui\x64\nrsystem_gui.ilk
f:\5g\5gnr\nrsimulator\nrsimulator\5gnr_modem_sdr\wirelessmodem.github.io\nrsystem_gui\x64\nrsystem_gui.exe
f:\5g\5gnr\nrsimulator\nrsimulator\5gnr_modem_sdr\wirelessmodem.github.io\nrsystem_gui\x64\nrsystem_gui.pdb
f:\5g\5gnr\nrsimulator\nrsimulator\5gnr_modem_sdr\wirelessmodem.github.io\nrsystem_gui\x64\debug\nrsystem_gui.res
f:\5g\5gnr\nrsimulator\nrsimulator\5gnr_modem_sdr\wirelessmodem.github.io\nrsystem_gui\x64\debug\nrsystem_gui.tlog\cl.command.1.tlog
f:\5g\5gnr\nrsimulator\nrsimulator\5gnr_modem_sdr\wirelessmodem.github.io\nrsystem_gui\x64\debug\nrsystem_gui.tlog\cl.read.1.tlog
f:\5g\5gnr\nrsimulator\nrsimulator\5gnr_modem_sdr\wirelessmodem.github.io\nrsystem_gui\x64\debug\nrsystem_gui.tlog\cl.write.1.tlog
f:\5g\5gnr\nrsimulator\nrsimulator\5gnr_modem_sdr\wirelessmodem.github.io\nrsystem_gui\x64\debug\nrsystem_gui.tlog\link.command.1.tlog
f:\5g\5gnr\nrsimulator\nrsimulator\5gnr_modem_sdr\wirelessmodem.github.io\nrsystem_gui\x64\debug\nrsystem_gui.tlog\link.read.1.tlog
f:\5g\5gnr\nrsimulator\nrsimulator\5gnr_modem_sdr\wirelessmodem.github.io\nrsystem_gui\x64\debug\nrsystem_gui.tlog\link.write.1.tlog
f:\5g\5gnr\nrsimulator\nrsimulator\5gnr_modem_sdr\wirelessmodem.github.io\nrsystem_gui\x64\debug\nrsystem_gui.tlog\rc.command.1.tlog
f:\5g\5gnr\nrsimulator\nrsimulator\5gnr_modem_sdr\wirelessmodem.github.io\nrsystem_gui\x64\debug\nrsystem_gui.tlog\rc.read.1.tlog
f:\5g\5gnr\nrsimulator\nrsimulator\5gnr_modem_sdr\wirelessmodem.github.io\nrsystem_gui\x64\debug\nrsystem_gui.tlog\rc.write.1.tlog
